# JRE version: OpenJDK Runtime Environment (8.0_202-b03) (build 1.8.0_202-release-1483-b03)
# Java VM: OpenJDK 64-Bit Server VM (25.202-b03 mixed mode windows-amd64 compressed oops)
Heap:
 PSYoungGen      total 163328K, used 146439K [0x00000000e0000000, 0x00000000eb700000, 0x0000000100000000)
  eden space 144384K, 88% used [0x00000000e0000000,0x00000000e7c856c0,0x00000000e8d00000)
  from space 18944K, 99% used [0x00000000ea280000,0x00000000eb4fc558,0x00000000eb500000)
  to   space 21504K, 0% used [0x00000000e8d00000,0x00000000e8d00000,0x00000000ea200000)
 ParOldGen       total 296960K, used 35266K [0x00000000a0000000, 0x00000000b2200000, 0x00000000e0000000)
  object space 296960K, 11% used [0x00000000a0000000,0x00000000a2270ad8,0x00000000b2200000)
 Metaspace       used 71732K, capacity 74798K, committed 74880K, reserved 1114112K
  class space    used 9443K, capacity 10070K, committed 10112K, reserved 1048576K
GC Heap History (10 events):
Event: 28.219 GC heap before
{Heap before GC invocations=11 (full 2):
 PSYoungGen      total 124928K, used 116703K [0x00000000e0000000, 0x00000000e9380000, 0x0000000100000000)
  eden space 111104K, 92% used [0x00000000e0000000,0x00000000e647c428,0x00000000e6c80000)
  from space 13824K, 99% used [0x00000000e7c80000,0x00000000e89fb8b8,0x00000000e8a00000)
  to   space 16384K, 0% used [0x00000000e6c80000,0x00000000e6c80000,0x00000000e7c80000)
 ParOldGen       total 199680K, used 20197K [0x00000000a0000000, 0x00000000ac300000, 0x00000000e0000000)
  object space 199680K, 10% used [0x00000000a0000000,0x00000000a13b9408,0x00000000ac300000)
 Metaspace       used 57017K, capacity 59010K, committed 59096K, reserved 1099776K
  class space    used 7791K, capacity 8250K, committed 8320K, reserved 1048576K
Event: 28.248 GC heap after
Heap after GC invocations=11 (full 2):
 PSYoungGen      total 127488K, used 16364K [0x00000000e0000000, 0x00000000ea680000, 0x0000000100000000)
  eden space 111104K, 0% used [0x00000000e0000000,0x00000000e0000000,0x00000000e6c80000)
  from space 16384K, 99% used [0x00000000e6c80000,0x00000000e7c7b320,0x00000000e7c80000)
  to   space 19456K, 0% used [0x00000000e9380000,0x00000000e9380000,0x00000000ea680000)
 ParOldGen       total 199680K, used 23502K [0x00000000a0000000, 0x00000000ac300000, 0x00000000e0000000)
  object space 199680K, 11% used [0x00000000a0000000,0x00000000a16f39a8,0x00000000ac300000)
 Metaspace       used 57017K, capacity 59010K, committed 59096K, reserved 1099776K
  class space    used 7791K, capacity 8250K, committed 8320K, reserved 1048576K
}
Event: 28.248 GC heap before
{Heap before GC invocations=12 (full 3):
 PSYoungGen      total 127488K, used 16364K [0x00000000e0000000, 0x00000000ea680000, 0x0000000100000000)
  eden space 111104K, 0% used [0x00000000e0000000,0x00000000e0000000,0x00000000e6c80000)
  from space 16384K, 99% used [0x00000000e6c80000,0x00000000e7c7b320,0x00000000e7c80000)
  to   space 19456K, 0% used [0x00000000e9380000,0x00000000e9380000,0x00000000ea680000)
 ParOldGen       total 199680K, used 23502K [0x00000000a0000000, 0x00000000ac300000, 0x00000000e0000000)
  object space 199680K, 11% used [0x00000000a0000000,0x00000000a16f39a8,0x00000000ac300000)
 Metaspace       used 57017K, capacity 59010K, committed 59096K, reserved 1099776K
  class space    used 7791K, capacity 8250K, committed 8320K, reserved 1048576K
Event: 28.739 GC heap after
Heap after GC invocations=12 (full 3):
 PSYoungGen      total 127488K, used 0K [0x00000000e0000000, 0x00000000ea680000, 0x0000000100000000)
  eden space 111104K, 0% used [0x00000000e0000000,0x00000000e0000000,0x00000000e6c80000)
  from space 16384K, 0% used [0x00000000e6c80000,0x00000000e6c80000,0x00000000e7c80000)
  to   space 19456K, 0% used [0x00000000e9380000,0x00000000e9380000,0x00000000ea680000)
 ParOldGen       total 296960K, used 33864K [0x00000000a0000000, 0x00000000b2200000, 0x00000000e0000000)
  object space 296960K, 11% used [0x00000000a0000000,0x00000000a2112060,0x00000000b2200000)
 Metaspace       used 57005K, capacity 58968K, committed 59096K, reserved 1099776K
  class space    used 7787K, capacity 8243K, committed 8320K, reserved 1048576K
}
Event: 31.722 GC heap before
{Heap before GC invocations=13 (full 3):
 PSYoungGen      total 127488K, used 111104K [0x00000000e0000000, 0x00000000ea680000, 0x0000000100000000)
  eden space 111104K, 100% used [0x00000000e0000000,0x00000000e6c80000,0x00000000e6c80000)
  from space 16384K, 0% used [0x00000000e6c80000,0x00000000e6c80000,0x00000000e7c80000)
  to   space 19456K, 0% used [0x00000000e9380000,0x00000000e9380000,0x00000000ea680000)
 ParOldGen       total 296960K, used 33864K [0x00000000a0000000, 0x00000000b2200000, 0x00000000e0000000)
  object space 296960K, 11% used [0x00000000a0000000,0x00000000a2112060,0x00000000b2200000)
 Metaspace       used 62093K, capacity 64522K, committed 64640K, reserved 1105920K
  class space    used 8524K, capacity 9034K, committed 9088K, reserved 1048576K
Event: 31.742 GC heap after
Heap after GC invocations=13 (full 3):
 PSYoungGen      total 145920K, used 8724K [0x00000000e0000000, 0x00000000ea400000, 0x0000000100000000)
  eden space 129024K, 0% used [0x00000000e0000000,0x00000000e0000000,0x00000000e7e00000)
  from space 16896K, 51% used [0x00000000e9380000,0x00000000e9c051d0,0x00000000ea400000)
  to   space 19456K, 0% used [0x00000000e7e00000,0x00000000e7e00000,0x00000000e9100000)
 ParOldGen       total 296960K, used 33872K [0x00000000a0000000, 0x00000000b2200000, 0x00000000e0000000)
  object space 296960K, 11% used [0x00000000a0000000,0x00000000a2114060,0x00000000b2200000)
 Metaspace       used 62093K, capacity 64522K, committed 64640K, reserved 1105920K
  class space    used 8524K, capacity 9034K, committed 9088K, reserved 1048576K
}
Event: 36.532 GC heap before
{Heap before GC invocations=14 (full 3):
 PSYoungGen      total 145920K, used 137748K [0x00000000e0000000, 0x00000000ea400000, 0x0000000100000000)
  eden space 129024K, 100% used [0x00000000e0000000,0x00000000e7e00000,0x00000000e7e00000)
  from space 16896K, 51% used [0x00000000e9380000,0x00000000e9c051d0,0x00000000ea400000)
  to   space 19456K, 0% used [0x00000000e7e00000,0x00000000e7e00000,0x00000000e9100000)
 ParOldGen       total 296960K, used 33872K [0x00000000a0000000, 0x00000000b2200000, 0x00000000e0000000)
  object space 296960K, 11% used [0x00000000a0000000,0x00000000a2114060,0x00000000b2200000)
 Metaspace       used 67574K, capacity 70558K, committed 70656K, reserved 1110016K
  class space    used 9121K, capacity 9712K, committed 9728K, reserved 1048576K
Event: 36.553 GC heap after
Heap after GC invocations=14 (full 3):
 PSYoungGen      total 148480K, used 13157K [0x00000000e0000000, 0x00000000eb500000, 0x0000000100000000)
  eden space 129024K, 0% used [0x00000000e0000000,0x00000000e0000000,0x00000000e7e00000)
  from space 19456K, 67% used [0x00000000e7e00000,0x00000000e8ad9508,0x00000000e9100000)
  to   space 18944K, 0% used [0x00000000ea280000,0x00000000ea280000,0x00000000eb500000)
 ParOldGen       total 296960K, used 33880K [0x00000000a0000000, 0x00000000b2200000, 0x00000000e0000000)
  object space 296960K, 11% used [0x00000000a0000000,0x00000000a2116060,0x00000000b2200000)
 Metaspace       used 67574K, capacity 70558K, committed 70656K, reserved 1110016K
  class space    used 9121K, capacity 9712K, committed 9728K, reserved 1048576K
}
Event: 68.907 GC heap before
{Heap before GC invocations=15 (full 3):
 PSYoungGen      total 148480K, used 142181K [0x00000000e0000000, 0x00000000eb500000, 0x0000000100000000)
  eden space 129024K, 100% used [0x00000000e0000000,0x00000000e7e00000,0x00000000e7e00000)
  from space 19456K, 67% used [0x00000000e7e00000,0x00000000e8ad9508,0x00000000e9100000)
  to   space 18944K, 0% used [0x00000000ea280000,0x00000000ea280000,0x00000000eb500000)
 ParOldGen       total 296960K, used 33880K [0x00000000a0000000, 0x00000000b2200000, 0x00000000e0000000)
  object space 296960K, 11% used [0x00000000a0000000,0x00000000a2116060,0x00000000b2200000)
 Metaspace       used 71007K, capacity 74096K, committed 74368K, reserved 1114112K
  class space    used 9390K, capacity 10023K, committed 10112K, reserved 1048576K
Event: 68.944 GC heap after
Heap after GC invocations=15 (full 3):
 PSYoungGen      total 163328K, used 18929K [0x00000000e0000000, 0x00000000eb700000, 0x0000000100000000)
  eden space 144384K, 0% used [0x00000000e0000000,0x00000000e0000000,0x00000000e8d00000)
  from space 18944K, 99% used [0x00000000ea280000,0x00000000eb4fc558,0x00000000eb500000)
  to   space 21504K, 0% used [0x00000000e8d00000,0x00000000e8d00000,0x00000000ea200000)
 ParOldGen       total 296960K, used 35266K [0x00000000a0000000, 0x00000000b2200000, 0x00000000e0000000)
  object space 296960K, 11% used [0x00000000a0000000,0x00000000a2270ad8,0x00000000b2200000)
 Metaspace       used 71007K, capacity 74096K, committed 74368K, reserved 1114112K
  class space    used 9390K, capacity 10023K, committed 10112K, reserved 1048576K
}

